CMake Warning (dev) at flutter/ephemeral/.plugin_symlinks/video_player_win/windows/CMakeLists.txt:40 (add_custom_command):
  The following keywords are not supported when using
  add_custom_command(TARGET): DEPENDS.

  Policy CMP0175 is not set: add_custom_command() rejects invalid arguments.
  Run "cmake --help-policy CMP0175" for policy details.  Use the cmake_policy
  command to set the policy and suppress this warning.
This warning is for project developers.  Use -Wno-dev to suppress it.

Nuget is not installed.
CMake Warning (dev) at flutter/ephemeral/.plugin_symlinks/webview_windows/windows/CMakeLists.txt:34 (add_custom_command):
  The following keywords are not supported when using
  add_custom_command(TARGET): DEPENDS.

  Policy CMP0175 is not set: add_custom_command() rejects invalid arguments.
  Run "cmake --help-policy CMP0175" for policy details.  Use the cmake_policy
  command to set the policy and suppress this warning.
This warning is for project developers.  Use -Wno-dev to suppress it.

lib/screens/dashboard/extensions/settings_extensions.dart(137,9): error G44692867: A value of type 'String?' can't be assigned to a variable of type 'String'. [E:\AuraShow\aurashow (original)\AuraShow\build\windows\x64\flutter\flutter_assemble.vcxproj]
lib/screens/dashboard/extensions/settings_extensions.dart(142,9): error G44692867: A value of type 'String?' can't be assigned to a variable of type 'String'. [E:\AuraShow\aurashow (original)\AuraShow\build\windows\x64\flutter\flutter_assemble.vcxproj]
C:\Program Files\Microsoft Visual Studio\2022\Community\MSBuild\Microsoft\VC\v170\Microsoft.CppCommon.targets(254,5): error MSB8066: Custom build for 'E:\AuraShow\aurashow (original)\AuraShow\build\windows\x64\CMakeFiles\2b16cca5a0932f9a320640e3ec09c599\flutter_windows.dll.rule;E:\AuraShow\aurashow (original)\AuraShow\build\windows\x64\CMakeFiles\d45aa216ead8378cf8f55e0416fded6c\flutter_assemble.rule' exited with code 1. [E:\AuraShow\aurashow (original)\AuraShow\build\windows\x64\flutter\flutter_assemble.vcxproj]
Build process failed.
